<?xml version="1.0" encoding="UTF-8"?>
<testsuite xmlns:xsi="http://www.w3.org/2001/XMLSchema-instance" xsi:noNamespaceSchemaLocation="https://maven.apache.org/surefire/maven-surefire-plugin/xsd/surefire-test-report.xsd" version="3.0.2" name="mx.edu.utez.back.BackApplicationTests" time="9.041" tests="1" errors="0" skipped="0" failures="0">
  <properties>
[...]
</properties>
  <testcase name="contextLoads" classname="mx.edu.utez.back.BackApplicationTests" time="1.123">
    <system-out><![CDATA[02:56:32.210 [main] INFO org.springframework.test.context.support.AnnotationConfigContextLoaderUtils -- Could not detect default configuration classes for test class [mx.edu.utez.back.BackApplicationTests]: BackApplicationTests does not declare any static, non-private, non-final, nested classes annotated with @Configuration.
02:56:32.413 [main] INFO org.springframework.boot.test.context.SpringBootTestContextBootstrapper -- Found @SpringBootConfiguration mx.edu.utez.back.BackApplication for test class mx.edu.utez.back.BackApplicationTests

  .   ____          _            __ _ _
 /\\ / ___'_ __ _ _(_)_ __  __ _ \ \ \ \
( ( )\___ | '_ | '_| | '_ \/ _` | \ \ \ \
 \\/  ___)| |_)| | | | | || (_| |  ) ) ) )
  '  |____| .__|_| |_|_| |_\__, | / / / /
 =========|_|==============|___/=/_/_/_/

 :: Spring Boot ::                (v4.0.0)

2025-12-09T02:56:33.246-06:00  INFO 14596 --- [back] [           main] mx.edu.utez.back.BackApplicationTests    : Starting BackApplicationTests using Java 21.0.9 with PID 14596 (started by angry in C:\Users\angry\Documents\PWA-Abarrotes\TiendaPWA\back)
2025-12-09T02:56:33.246-06:00  INFO 14596 --- [back] [           main] mx.edu.utez.back.BackApplicationTests    : No active profile set, falling back to 1 default profile: "default"
Firebase Application has been initialized
2025-12-09T02:56:37.013-06:00  WARN 14596 --- [back] [           main] .s.a.UserDetailsServiceAutoConfiguration : 

Using generated security password: 09dd172a-4a97-43a0-a75a-c496dd3453a6

This generated password is for development use only. Your security configuration must be updated before running your application in production.

2025-12-09T02:56:37.026-06:00  INFO 14596 --- [back] [           main] r$InitializeUserDetailsManagerConfigurer : Global AuthenticationManager configured with UserDetailsService bean with name inMemoryUserDetailsManager
2025-12-09T02:56:37.916-06:00  INFO 14596 --- [back] [           main] mx.edu.utez.back.BackApplicationTests    : Started BackApplicationTests in 5.143 seconds (process running for 7.628)
━━━━━━━━━━━━━━━━━━━━━━━━━━━━━━━━━━━━━━━━━━━━━━━━
ℹ️  Datos ya existen en BD, omitiendo carga inicial
━━━━━━━━━━━━━━━━━━━━━━━━━━━━━━━━━━━━━━━━━━━━━━━━
]]></system-out>
    <system-err><![CDATA[Mockito is currently self-attaching to enable the inline-mock-maker. This will no longer work in future releases of the JDK. Please add Mockito as an agent to your build as described in Mockito's documentation: https://javadoc.io/doc/org.mockito/mockito-core/latest/org.mockito/org/mockito/Mockito.html#0.3
WARNING: A Java agent has been loaded dynamically (C:\Users\angry\.m2\repository\net\bytebuddy\byte-buddy-agent\1.17.8\byte-buddy-agent-1.17.8.jar)
WARNING: If a serviceability tool is in use, please run with -XX:+EnableDynamicAgentLoading to hide this warning
WARNING: If a serviceability tool is not in use, please run with -Djdk.instrument.traceUsage for more information
WARNING: Dynamic loading of agents will be disallowed by default in a future release
]]></system-err>
  </testcase>
</testsuite>